<?xml version="1.0" encoding="UTF-8"?>
<testsuite name="ru.lr.shop.server.ShopControllerTest" tests="4" skipped="0" failures="0" errors="0" timestamp="2024-12-28T13:23:43" hostname="mbp-lsaskov-OZON-LCY3QY19TV" time="0.05">
  <properties/>
  <testcase name="testUpdateCount()" classname="ru.lr.shop.server.ShopControllerTest" time="0.034"/>
  <testcase name="testAddAndGet()" classname="ru.lr.shop.server.ShopControllerTest" time="0.001"/>
  <testcase name="testSearchByName()" classname="ru.lr.shop.server.ShopControllerTest" time="0.013"/>
  <testcase name="testDelete()" classname="ru.lr.shop.server.ShopControllerTest" time="0.001"/>
  <system-out><![CDATA[16:23:43.824 [Test worker] INFO ru.lr.shop.server.ShopController -- Adding product: Product[id=-1, name=product_c, producer=producer_c, count=10]
16:23:43.847 [Test worker] INFO ru.lr.shop.server.ShopController -- Updating product with 272988112955102034 to count 15
16:23:43.850 [Test worker] INFO ru.lr.shop.server.ShopController -- Getting product with id: 272988112955102034
16:23:43.856 [Test worker] INFO ru.lr.shop.server.ShopController -- Adding product: Product[id=-1, name=product1, producer=producer1, count=10]
16:23:43.856 [Test worker] INFO ru.lr.shop.server.ShopController -- Getting product with id: 1622699769579661774
16:23:43.858 [Test worker] INFO ru.lr.shop.server.ShopController -- Adding product: Product[id=-1, name=product_search_name, producer=producer_0, count=0]
16:23:43.858 [Test worker] INFO ru.lr.shop.server.ShopController -- Adding product: Product[id=-1, name=product_search_name, producer=producer_1, count=1]
16:23:43.858 [Test worker] INFO ru.lr.shop.server.ShopController -- Adding product: Product[id=-1, name=product_search_name, producer=producer_2, count=2]
16:23:43.858 [Test worker] INFO ru.lr.shop.server.ShopController -- Adding product: Product[id=-1, name=product_search_name, producer=producer_3, count=3]
16:23:43.858 [Test worker] INFO ru.lr.shop.server.ShopController -- Adding product: Product[id=-1, name=product_search_name, producer=producer_4, count=4]
16:23:43.858 [Test worker] INFO ru.lr.shop.server.ShopController -- Adding product: Product[id=-1, name=product_search_name, producer=producer_5, count=5]
16:23:43.858 [Test worker] INFO ru.lr.shop.server.ShopController -- Adding product: Product[id=-1, name=product_search_name, producer=producer_6, count=6]
16:23:43.858 [Test worker] INFO ru.lr.shop.server.ShopController -- Adding product: Product[id=-1, name=product_search_name, producer=producer_7, count=7]
16:23:43.858 [Test worker] INFO ru.lr.shop.server.ShopController -- Adding product: Product[id=-1, name=product_search_name, producer=producer_8, count=8]
16:23:43.858 [Test worker] INFO ru.lr.shop.server.ShopController -- Adding product: Product[id=-1, name=product_search_name, producer=producer_9, count=9]
16:23:43.858 [Test worker] INFO ru.lr.shop.server.ShopController -- Adding product: Product[id=-1, name=name_1502634191, producer=producer_0, count=650122948]
16:23:43.865 [Test worker] INFO ru.lr.shop.server.ShopController -- Adding product: Product[id=-1, name=name_707425185, producer=producer_1, count=134421266]
16:23:43.865 [Test worker] INFO ru.lr.shop.server.ShopController -- Adding product: Product[id=-1, name=name_1469563308, producer=producer_2, count=960189803]
16:23:43.865 [Test worker] INFO ru.lr.shop.server.ShopController -- Adding product: Product[id=-1, name=name_1573140195, producer=producer_3, count=21603222]
16:23:43.865 [Test worker] INFO ru.lr.shop.server.ShopController -- Adding product: Product[id=-1, name=name_666258612, producer=producer_4, count=66852319]
16:23:43.865 [Test worker] INFO ru.lr.shop.server.ShopController -- Adding product: Product[id=-1, name=name_1999839443, producer=producer_5, count=1255502181]
16:23:43.865 [Test worker] INFO ru.lr.shop.server.ShopController -- Adding product: Product[id=-1, name=name_1454948737, producer=producer_6, count=1891542653]
16:23:43.865 [Test worker] INFO ru.lr.shop.server.ShopController -- Adding product: Product[id=-1, name=name_1131861677, producer=producer_7, count=466433803]
16:23:43.866 [Test worker] INFO ru.lr.shop.server.ShopController -- Adding product: Product[id=-1, name=name_127789886, producer=producer_8, count=158878549]
16:23:43.866 [Test worker] INFO ru.lr.shop.server.ShopController -- Adding product: Product[id=-1, name=name_193888609, producer=producer_9, count=1184866335]
16:23:43.866 [Test worker] INFO ru.lr.shop.server.ShopController -- Adding product: Product[id=-1, name=name_660436770, producer=producer_10, count=1131317706]
16:23:43.866 [Test worker] INFO ru.lr.shop.server.ShopController -- Adding product: Product[id=-1, name=name_641404394, producer=producer_11, count=326234314]
16:23:43.866 [Test worker] INFO ru.lr.shop.server.ShopController -- Adding product: Product[id=-1, name=name_1440221377, producer=producer_12, count=102198570]
16:23:43.866 [Test worker] INFO ru.lr.shop.server.ShopController -- Adding product: Product[id=-1, name=name_430861300, producer=producer_13, count=599085653]
16:23:43.866 [Test worker] INFO ru.lr.shop.server.ShopController -- Adding product: Product[id=-1, name=name_1970016246, producer=producer_14, count=164631936]
16:23:43.866 [Test worker] INFO ru.lr.shop.server.ShopController -- Adding product: Product[id=-1, name=name_490719580, producer=producer_15, count=31067297]
16:23:43.867 [Test worker] INFO ru.lr.shop.server.ShopController -- Adding product: Product[id=-1, name=name_1808376634, producer=producer_16, count=907111167]
16:23:43.867 [Test worker] INFO ru.lr.shop.server.ShopController -- Adding product: Product[id=-1, name=name_1962359014, producer=producer_17, count=203560585]
16:23:43.867 [Test worker] INFO ru.lr.shop.server.ShopController -- Adding product: Product[id=-1, name=name_450952232, producer=producer_18, count=719562639]
16:23:43.867 [Test worker] INFO ru.lr.shop.server.ShopController -- Adding product: Product[id=-1, name=name_481905996, producer=producer_19, count=1959111762]
16:23:43.867 [Test worker] INFO ru.lr.shop.server.ShopController -- Adding product: Product[id=-1, name=name_1826961388, producer=producer_20, count=1210822891]
16:23:43.867 [Test worker] INFO ru.lr.shop.server.ShopController -- Adding product: Product[id=-1, name=name_572988588, producer=producer_21, count=939984436]
16:23:43.867 [Test worker] INFO ru.lr.shop.server.ShopController -- Adding product: Product[id=-1, name=name_788281071, producer=producer_22, count=1091322176]
16:23:43.868 [Test worker] INFO ru.lr.shop.server.ShopController -- Adding product: Product[id=-1, name=name_1856987414, producer=producer_23, count=231090522]
16:23:43.868 [Test worker] INFO ru.lr.shop.server.ShopController -- Adding product: Product[id=-1, name=name_876070650, producer=producer_24, count=1183389867]
16:23:43.868 [Test worker] INFO ru.lr.shop.server.ShopController -- Searching product with name: product_search_name
16:23:43.870 [Test worker] INFO ru.lr.shop.server.ShopController -- Adding product: Product[id=-1, name=product1, producer=producer1, count=10]
16:23:43.870 [Test worker] INFO ru.lr.shop.server.ShopController -- Deleting product: 5815065093727948762
16:23:43.870 [Test worker] INFO ru.lr.shop.server.ShopController -- Getting product with id: 5815065093727948762
]]></system-out>
  <system-err><![CDATA[Mockito is currently self-attaching to enable the inline-mock-maker. This will no longer work in future releases of the JDK. Please add Mockito as an agent to your build what is described in Mockito's documentation: https://javadoc.io/doc/org.mockito/mockito-core/latest/org/mockito/Mockito.html#0.3
WARNING: A Java agent has been loaded dynamically (/Users/lsaskov/.gradle/caches/modules-2/files-2.1/net.bytebuddy/byte-buddy-agent/1.14.9/dfb8707031008535048bad2b69735f46d0b6c5e5/byte-buddy-agent-1.14.9.jar)
WARNING: If a serviceability tool is in use, please run with -XX:+EnableDynamicAgentLoading to hide this warning
WARNING: If a serviceability tool is not in use, please run with -Djdk.instrument.traceUsage for more information
WARNING: Dynamic loading of agents will be disallowed by default in a future release
]]></system-err>
</testsuite>
